# JRE version: Java(TM) SE Runtime Environment (8.0_202-b08) (build 1.8.0_202-b08)
# Java VM: Java HotSpot(TM) 64-Bit Server VM (25.202-b08 mixed mode windows-amd64 compressed oops)
Heap:
 PSYoungGen      total 329728K, used 272033K [0x00000000d6200000, 0x00000000f2c80000, 0x0000000100000000)
  eden space 291328K, 93% used [0x00000000d6200000,0x00000000e6b985f8,0x00000000e7e80000)
  from space 38400K, 0% used [0x00000000e7e80000,0x00000000e7e90000,0x00000000ea400000)
  to   space 36864K, 0% used [0x00000000f0880000,0x00000000f0880000,0x00000000f2c80000)
 ParOldGen       total 137728K, used 70481K [0x0000000082600000, 0x000000008ac80000, 0x00000000d6200000)
  object space 137728K, 51% used [0x0000000082600000,0x0000000086ad46d8,0x000000008ac80000)
 Metaspace       used 11186K, capacity 11356K, committed 11648K, reserved 1058816K
  class space    used 1208K, capacity 1286K, committed 1408K, reserved 1048576K
GC Heap History (10 events):
Event: 10.194 GC heap before
{Heap before GC invocations=8 (full 1):
 PSYoungGen      total 158208K, used 116637K [0x00000000d6200000, 0x00000000e2980000, 0x0000000100000000)
  eden space 117248K, 99% used [0x00000000d6200000,0x00000000dd3c7628,0x00000000dd480000)
  from space 40960K, 0% used [0x00000000e0180000,0x00000000e01a0000,0x00000000e2980000)
  to   space 43520K, 0% used [0x00000000dd480000,0x00000000dd480000,0x00000000dff00000)
 ParOldGen       total 137728K, used 70337K [0x0000000082600000, 0x000000008ac80000, 0x00000000d6200000)
  object space 137728K, 51% used [0x0000000082600000,0x0000000086ab06d8,0x000000008ac80000)
 Metaspace       used 11109K, capacity 11356K, committed 11648K, reserved 1058816K
  class space    used 1207K, capacity 1286K, committed 1408K, reserved 1048576K
Event: 10.198 GC heap after
Heap after GC invocations=8 (full 1):
 PSYoungGen      total 160768K, used 160K [0x00000000d6200000, 0x00000000e8580000, 0x0000000100000000)
  eden space 117248K, 0% used [0x00000000d6200000,0x00000000d6200000,0x00000000dd480000)
  from space 43520K, 0% used [0x00000000dd480000,0x00000000dd4a8000,0x00000000dff00000)
  to   space 42496K, 0% used [0x00000000e5c00000,0x00000000e5c00000,0x00000000e8580000)
 ParOldGen       total 137728K, used 70345K [0x0000000082600000, 0x000000008ac80000, 0x00000000d6200000)
  object space 137728K, 51% used [0x0000000082600000,0x0000000086ab26d8,0x000000008ac80000)
 Metaspace       used 11109K, capacity 11356K, committed 11648K, reserved 1058816K
  class space    used 1207K, capacity 1286K, committed 1408K, reserved 1048576K
}
Event: 12.456 GC heap before
{Heap before GC invocations=9 (full 1):
 PSYoungGen      total 160768K, used 116605K [0x00000000d6200000, 0x00000000e8580000, 0x0000000100000000)
  eden space 117248K, 99% used [0x00000000d6200000,0x00000000dd3b74b8,0x00000000dd480000)
  from space 43520K, 0% used [0x00000000dd480000,0x00000000dd4a8000,0x00000000dff00000)
  to   space 42496K, 0% used [0x00000000e5c00000,0x00000000e5c00000,0x00000000e8580000)
 ParOldGen       total 137728K, used 70345K [0x0000000082600000, 0x000000008ac80000, 0x00000000d6200000)
  object space 137728K, 51% used [0x0000000082600000,0x0000000086ab26d8,0x000000008ac80000)
 Metaspace       used 11158K, capacity 11356K, committed 11648K, reserved 1058816K
  class space    used 1207K, capacity 1286K, committed 1408K, reserved 1048576K
Event: 12.459 GC heap after
Heap after GC invocations=9 (full 1):
 PSYoungGen      total 242688K, used 128K [0x00000000d6200000, 0x00000000e7d80000, 0x0000000100000000)
  eden space 208384K, 0% used [0x00000000d6200000,0x00000000d6200000,0x00000000e2d80000)
  from space 34304K, 0% used [0x00000000e5c00000,0x00000000e5c20000,0x00000000e7d80000)
  to   space 40960K, 0% used [0x00000000e2d80000,0x00000000e2d80000,0x00000000e5580000)
 ParOldGen       total 137728K, used 70377K [0x0000000082600000, 0x000000008ac80000, 0x00000000d6200000)
  object space 137728K, 51% used [0x0000000082600000,0x0000000086aba6d8,0x000000008ac80000)
 Metaspace       used 11158K, capacity 11356K, committed 11648K, reserved 1058816K
  class space    used 1207K, capacity 1286K, committed 1408K, reserved 1048576K
}
Event: 16.526 GC heap before
{Heap before GC invocations=10 (full 1):
 PSYoungGen      total 242688K, used 207701K [0x00000000d6200000, 0x00000000e7d80000, 0x0000000100000000)
  eden space 208384K, 99% used [0x00000000d6200000,0x00000000e2cb57f0,0x00000000e2d80000)
  from space 34304K, 0% used [0x00000000e5c00000,0x00000000e5c20000,0x00000000e7d80000)
  to   space 40960K, 0% used [0x00000000e2d80000,0x00000000e2d80000,0x00000000e5580000)
 ParOldGen       total 137728K, used 70377K [0x0000000082600000, 0x000000008ac80000, 0x00000000d6200000)
  object space 137728K, 51% used [0x0000000082600000,0x0000000086aba6d8,0x000000008ac80000)
 Metaspace       used 11174K, capacity 11356K, committed 11648K, reserved 1058816K
  class space    used 1207K, capacity 1286K, committed 1408K, reserved 1048576K
Event: 16.529 GC heap after
Heap after GC invocations=10 (full 1):
 PSYoungGen      total 249344K, used 96K [0x00000000d6200000, 0x00000000ed400000, 0x0000000100000000)
  eden space 208384K, 0% used [0x00000000d6200000,0x00000000d6200000,0x00000000e2d80000)
  from space 40960K, 0% used [0x00000000e2d80000,0x00000000e2d98000,0x00000000e5580000)
  to   space 39936K, 0% used [0x00000000ead00000,0x00000000ead00000,0x00000000ed400000)
 ParOldGen       total 137728K, used 70441K [0x0000000082600000, 0x000000008ac80000, 0x00000000d6200000)
  object space 137728K, 51% used [0x0000000082600000,0x0000000086aca6d8,0x000000008ac80000)
 Metaspace       used 11174K, capacity 11356K, committed 11648K, reserved 1058816K
  class space    used 1207K, capacity 1286K, committed 1408K, reserved 1048576K
}
Event: 20.598 GC heap before
{Heap before GC invocations=11 (full 1):
 PSYoungGen      total 249344K, used 208304K [0x00000000d6200000, 0x00000000ed400000, 0x0000000100000000)
  eden space 208384K, 99% used [0x00000000d6200000,0x00000000e2d541c0,0x00000000e2d80000)
  from space 40960K, 0% used [0x00000000e2d80000,0x00000000e2d98000,0x00000000e5580000)
  to   space 39936K, 0% used [0x00000000ead00000,0x00000000ead00000,0x00000000ed400000)
 ParOldGen       total 137728K, used 70441K [0x0000000082600000, 0x000000008ac80000, 0x00000000d6200000)
  object space 137728K, 51% used [0x0000000082600000,0x0000000086aca6d8,0x000000008ac80000)
 Metaspace       used 11174K, capacity 11356K, committed 11648K, reserved 1058816K
  class space    used 1207K, capacity 1286K, committed 1408K, reserved 1048576K
Event: 20.601 GC heap after
Heap after GC invocations=11 (full 1):
 PSYoungGen      total 320512K, used 64K [0x00000000d6200000, 0x00000000ec980000, 0x0000000100000000)
  eden space 291328K, 0% used [0x00000000d6200000,0x00000000d6200000,0x00000000e7e80000)
  from space 29184K, 0% used [0x00000000ead00000,0x00000000ead10000,0x00000000ec980000)
  to   space 38400K, 0% used [0x00000000e7e80000,0x00000000e7e80000,0x00000000ea400000)
 ParOldGen       total 137728K, used 70465K [0x0000000082600000, 0x000000008ac80000, 0x00000000d6200000)
  object space 137728K, 51% used [0x0000000082600000,0x0000000086ad06d8,0x000000008ac80000)
 Metaspace       used 11174K, capacity 11356K, committed 11648K, reserved 1058816K
  class space    used 1207K, capacity 1286K, committed 1408K, reserved 1048576K
}
Event: 26.371 GC heap before
{Heap before GC invocations=12 (full 1):
 PSYoungGen      total 320512K, used 291392K [0x00000000d6200000, 0x00000000ec980000, 0x0000000100000000)
  eden space 291328K, 100% used [0x00000000d6200000,0x00000000e7e80000,0x00000000e7e80000)
  from space 29184K, 0% used [0x00000000ead00000,0x00000000ead10000,0x00000000ec980000)
  to   space 38400K, 0% used [0x00000000e7e80000,0x00000000e7e80000,0x00000000ea400000)
 ParOldGen       total 137728K, used 70465K [0x0000000082600000, 0x000000008ac80000, 0x00000000d6200000)
  object space 137728K, 51% used [0x0000000082600000,0x0000000086ad06d8,0x000000008ac80000)
 Metaspace       used 11174K, capacity 11356K, committed 11648K, reserved 1058816K
  class space    used 1207K, capacity 1286K, committed 1408K, reserved 1048576K
Event: 26.377 GC heap after
Heap after GC invocations=12 (full 1):
 PSYoungGen      total 329728K, used 64K [0x00000000d6200000, 0x00000000f2c80000, 0x0000000100000000)
  eden space 291328K, 0% used [0x00000000d6200000,0x00000000d6200000,0x00000000e7e80000)
  from space 38400K, 0% used [0x00000000e7e80000,0x00000000e7e90000,0x00000000ea400000)
  to   space 36864K, 0% used [0x00000000f0880000,0x00000000f0880000,0x00000000f2c80000)
 ParOldGen       total 137728K, used 70481K [0x0000000082600000, 0x000000008ac80000, 0x00000000d6200000)
  object space 137728K, 51% used [0x0000000082600000,0x0000000086ad46d8,0x000000008ac80000)
 Metaspace       used 11174K, capacity 11356K, committed 11648K, reserved 1058816K
  class space    used 1207K, capacity 1286K, committed 1408K, reserved 1048576K
}

